Performing C SOURCE FILE Test CMAKE_HAVE_LIBC_PTHREAD failed with the following output:
Change Dir: /home/server10/Synthetic_3D_Point_Generation/build/CMakeFiles/CMakeTmp

Run Build Command(s):/usr/bin/make -f Makefile cmTC_ac5fb/fast && /usr/bin/make  -f CMakeFiles/cmTC_ac5fb.dir/build.make CMakeFiles/cmTC_ac5fb.dir/build
make[1]: 디렉터리 '/home/server10/Synthetic_3D_Point_Generation/build/CMakeFiles/CMakeTmp' 들어감
Building C object CMakeFiles/cmTC_ac5fb.dir/src.c.o
/usr/bin/cc -DCMAKE_HAVE_LIBC_PTHREAD   -o CMakeFiles/cmTC_ac5fb.dir/src.c.o -c /home/server10/Synthetic_3D_Point_Generation/build/CMakeFiles/CMakeTmp/src.c
Linking C executable cmTC_ac5fb
/home/server10/.local/lib/python3.8/site-packages/cmake/data/bin/cmake -E cmake_link_script CMakeFiles/cmTC_ac5fb.dir/link.txt --verbose=1
/usr/bin/cc -rdynamic CMakeFiles/cmTC_ac5fb.dir/src.c.o -o cmTC_ac5fb 
/usr/bin/ld: CMakeFiles/cmTC_ac5fb.dir/src.c.o: in function `main':
src.c:(.text+0x46): undefined reference to `pthread_create'
/usr/bin/ld: src.c:(.text+0x52): undefined reference to `pthread_detach'
/usr/bin/ld: src.c:(.text+0x5e): undefined reference to `pthread_cancel'
/usr/bin/ld: src.c:(.text+0x6f): undefined reference to `pthread_join'
collect2: error: ld returned 1 exit status
make[1]: *** [CMakeFiles/cmTC_ac5fb.dir/build.make:99: cmTC_ac5fb] 오류 1
make[1]: 디렉터리 '/home/server10/Synthetic_3D_Point_Generation/build/CMakeFiles/CMakeTmp' 나감
make: *** [Makefile:127: cmTC_ac5fb/fast] 오류 2


Source file was:
#include <pthread.h>

static void* test_func(void* data)
{
  return data;
}

int main(void)
{
  pthread_t thread;
  pthread_create(&thread, NULL, test_func, NULL);
  pthread_detach(thread);
  pthread_cancel(thread);
  pthread_join(thread, NULL);
  pthread_atfork(NULL, NULL, NULL);
  pthread_exit(NULL);

  return 0;
}

Determining if the function pthread_create exists in the pthreads failed with the following output:
Change Dir: /home/server10/Synthetic_3D_Point_Generation/build/CMakeFiles/CMakeTmp

Run Build Command(s):/usr/bin/make -f Makefile cmTC_3de0e/fast && /usr/bin/make  -f CMakeFiles/cmTC_3de0e.dir/build.make CMakeFiles/cmTC_3de0e.dir/build
make[1]: 디렉터리 '/home/server10/Synthetic_3D_Point_Generation/build/CMakeFiles/CMakeTmp' 들어감
Building C object CMakeFiles/cmTC_3de0e.dir/CheckFunctionExists.c.o
/usr/bin/cc   -DCHECK_FUNCTION_EXISTS=pthread_create -o CMakeFiles/cmTC_3de0e.dir/CheckFunctionExists.c.o -c /home/server10/.local/lib/python3.8/site-packages/cmake/data/share/cmake-3.22/Modules/CheckFunctionExists.c
Linking C executable cmTC_3de0e
/home/server10/.local/lib/python3.8/site-packages/cmake/data/bin/cmake -E cmake_link_script CMakeFiles/cmTC_3de0e.dir/link.txt --verbose=1
/usr/bin/cc   -DCHECK_FUNCTION_EXISTS=pthread_create CMakeFiles/cmTC_3de0e.dir/CheckFunctionExists.c.o -o cmTC_3de0e  -lpthreads 
/usr/bin/ld: cannot find -lpthreads
collect2: error: ld returned 1 exit status
make[1]: *** [CMakeFiles/cmTC_3de0e.dir/build.make:99: cmTC_3de0e] 오류 1
make[1]: 디렉터리 '/home/server10/Synthetic_3D_Point_Generation/build/CMakeFiles/CMakeTmp' 나감
make: *** [Makefile:127: cmTC_3de0e/fast] 오류 2



